[1130/151030.745:ERROR:process_reader_win.cc(182)] ResumeThread: Параметр задан неверно. (0x57)
[1130/151030.745:ERROR:process_reader_win.cc(151)] SuspendThread: Отказано в доступе. (0x5)
[1130/151030.745:ERROR:process_reader_win.cc(151)] SuspendThread: Отказано в доступе. (0x5)
[1130/151030.745:ERROR:process_reader_win.cc(151)] SuspendThread: Отказано в доступе. (0x5)
[1130/151030.745:ERROR:process_reader_win.cc(151)] SuspendThread: Отказано в доступе. (0x5)
[1130/151030.833:ERROR:process_memory_win.cc(73)] ReadMemory at 0xe0267e8000 of 98304 bytes failed: Запрос ReadProcessMemory или WriteProcessMemory был выполнен только частично. (0x12B)
[1130/151030.833:ERROR:process_memory_win.cc(73)] ReadMemory at 0xe026ffd000 of 12288 bytes failed: Запрос ReadProcessMemory или WriteProcessMemory был выполнен только частично. (0x12B)
[1130/151030.837:ERROR:process_memory_win.cc(73)] ReadMemory at 0xe027ffc000 of 16384 bytes failed: Запрос ReadProcessMemory или WriteProcessMemory был выполнен только частично. (0x12B)
[1130/151030.837:ERROR:process_memory_win.cc(73)] ReadMemory at 0xe0287fc000 of 16384 bytes failed: Запрос ReadProcessMemory или WriteProcessMemory был выполнен только частично. (0x12B)
[1130/151030.837:ERROR:process_memory_win.cc(73)] ReadMemory at 0xe028ffe000 of 8192 bytes failed: Запрос ReadProcessMemory или WriteProcessMemory был выполнен только частично. (0x12B)
[1130/151030.837:ERROR:process_memory_win.cc(73)] ReadMemory at 0xe0297fd000 of 12288 bytes failed: Запрос ReadProcessMemory или WriteProcessMemory был выполнен только частично. (0x12B)
[1130/151030.837:ERROR:process_memory_win.cc(73)] ReadMemory at 0xe029ffb000 of 20480 bytes failed: Запрос ReadProcessMemory или WriteProcessMemory был выполнен только частично. (0x12B)
[1130/151030.837:ERROR:process_memory_win.cc(73)] ReadMemory at 0xe02a7fd000 of 12288 bytes failed: Запрос ReadProcessMemory или WriteProcessMemory был выполнен только частично. (0x12B)
[1130/151030.837:ERROR:process_memory_win.cc(73)] ReadMemory at 0xe02affd000 of 12288 bytes failed: Запрос ReadProcessMemory или WriteProcessMemory был выполнен только частично. (0x12B)
[1130/151030.837:ERROR:process_memory_win.cc(73)] ReadMemory at 0xe025e9f000 of 852 bytes failed: Запрос ReadProcessMemory или WriteProcessMemory был выполнен только частично. (0x12B)
[1130/151030.837:ERROR:process_memory_win.cc(73)] ReadMemory at 0xe025ea0000 of 6024 bytes failed: Запрос ReadProcessMemory или WriteProcessMemory был выполнен только частично. (0x12B)
[1130/151030.837:ERROR:process_memory_win.cc(73)] ReadMemory at 0xe025ea2000 of 6024 bytes failed: Запрос ReadProcessMemory или WriteProcessMemory был выполнен только частично. (0x12B)
[1130/151030.837:ERROR:process_memory_win.cc(73)] ReadMemory at 0xe025ea6000 of 6024 bytes failed: Запрос ReadProcessMemory или WriteProcessMemory был выполнен только частично. (0x12B)
[1130/151030.837:ERROR:process_memory_win.cc(73)] ReadMemory at 0xe025ea8000 of 6024 bytes failed: Запрос ReadProcessMemory или WriteProcessMemory был выполнен только частично. (0x12B)
[1130/151030.837:ERROR:process_memory_win.cc(73)] ReadMemory at 0xe025eaa000 of 6024 bytes failed: Запрос ReadProcessMemory или WriteProcessMemory был выполнен только частично. (0x12B)
[1130/151030.837:ERROR:process_memory_win.cc(73)] ReadMemory at 0xe025eac000 of 6024 bytes failed: Запрос ReadProcessMemory или WriteProcessMemory был выполнен только частично. (0x12B)
[1130/151030.837:ERROR:process_memory_win.cc(73)] ReadMemory at 0xe025eae000 of 6024 bytes failed: Запрос ReadProcessMemory или WriteProcessMemory был выполнен только частично. (0x12B)
[1130/151030.837:ERROR:process_memory_win.cc(73)] ReadMemory at 0xe025eb0000 of 6024 bytes failed: Запрос ReadProcessMemory или WriteProcessMemory был выполнен только частично. (0x12B)
[1130/151030.837:ERROR:process_memory_win.cc(73)] ReadMemory at 0xe025eb2000 of 6024 bytes failed: Запрос ReadProcessMemory или WriteProcessMemory был выполнен только частично. (0x12B)
[1130/151030.845:ERROR:scoped_process_suspend.cc(40)] NtResumeProcess: Попытка доступа к процессу, выполняющему процедуру завершения. (0xc000010a)
[1130/224505.366:WARNING:minidump_to_upload_parameters.cc(67)] duplicate annotation name metrics_client_id, discarding value 64a64db3da60434888ae0aa07254ec4b
